[22;0t]0;IPython: bfosc/E9G10
    |------------------------------------------------|
    | This pipeline is designed for the Xinglong     |
    | 2.16m BFOSC E9+G10 (R~10000) data.             |
    | It uses routines in the pipeline for the       |
    | SONG-China project -- the *songcn*.            |
    | To install *songcn*, type `pip install         |
    | songcn` in your terminal.                      |
    | All rights reserved.                           |
    | Current Version: v20201124                     |
    | Github: https://github.com/hypergravity/bfosc  |
    |                                       Bo Zhang |
    |                                     2020-11-24 |
    |                             bozhang@bnu.edu.cn |
    |------------------------------------------------|
    
[1.0] get the working directory 
  |- setting working directory to /Users/cham/projects/bfosc/20200917_bfosc 
[1.1] generate file paths [bias, flat, fear, star] 
[1.2] check file existence 
[BIAS]
  |- /Users/cham/projects/bfosc/20200917_bfosc/20200917-0001.fit
  |- /Users/cham/projects/bfosc/20200917_bfosc/20200917-0002.fit
  |- /Users/cham/projects/bfosc/20200917_bfosc/20200917-0003.fit
  |- /Users/cham/projects/bfosc/20200917_bfosc/20200917-0004.fit
  |- /Users/cham/projects/bfosc/20200917_bfosc/20200917-0005.fit
[FLAT]
  |- /Users/cham/projects/bfosc/20200917_bfosc/20200917-0011.fit
  |- /Users/cham/projects/bfosc/20200917_bfosc/20200917-0012.fit
  |- /Users/cham/projects/bfosc/20200917_bfosc/20200917-0013.fit
  |- /Users/cham/projects/bfosc/20200917_bfosc/20200917-0014.fit
  |- /Users/cham/projects/bfosc/20200917_bfosc/20200917-0015.fit
[STAR]
  |- /Users/cham/projects/bfosc/20200917_bfosc/20200917-0028.fit
  |- /Users/cham/projects/bfosc/20200917_bfosc/20200917-0030.fit
[FEAR]
  |- /Users/cham/projects/bfosc/20200917_bfosc/20200917-0017.fit
  |- /Users/cham/projects/bfosc/20200917_bfosc/20200917-0029.fit
  |- /Users/cham/projects/bfosc/20200917_bfosc/20200917-0031.fit
  |- /Users/cham/projects/bfosc/20200917_bfosc/20200917-0033.fit
  |- /Users/cham/projects/bfosc/20200917_bfosc/20200917-0035.fit
[1.3] check FEAR EXPTIME
  |- /Users/cham/projects/bfosc/20200917_bfosc/20200917-0017.fit  300s
  |- /Users/cham/projects/bfosc/20200917_bfosc/20200917-0029.fit  300s
  |- /Users/cham/projects/bfosc/20200917_bfosc/20200917-0031.fit  300s
  |- /Users/cham/projects/bfosc/20200917_bfosc/20200917-0033.fit  300s
  |- /Users/cham/projects/bfosc/20200917_bfosc/20200917-0035.fit  300s
[2.1] get ready to read & trim images 
[2.2] process BIAS & FLAT 
  |- the shape of trimmed images are  (2048, 1168)
[3.1] trace apertures 
  |- initial aperture shape (13, 2048)
  |- final aperture shape (11, 2048)
[3.2] remove background of flat, compute blaze & sensitivity 
[4.1] extracting star1d (~5s/star) 
  |- (0/2) processing STAR ... writing to /Users/cham/projects/bfosc/20200917_bfosc/star-20200917-0028.fit.dump
  |- (1/2) processing STAR ... writing to /Users/cham/projects/bfosc/20200917_bfosc/star-20200917-0030.fit.dump
[5.1] load FEAR template & FEAR line list
[5.2] processing FEAR 
  |- (0/5) processing FEAR /Users/cham/projects/bfosc/20200917_bfosc/20200917-0017.fit ... 
@corr_thar: bulkshift=0.0 (±1 11/11) (±2 11/11)
@find_lines: 673/722 lines using GF / CCF!
  |- 332 lines left
  |- 259 lines left
  |- nlines=210  rms=0.0349A  mpflux=903.6
  |- writing to /Users/cham/projects/bfosc/20200917_bfosc/fear-20200917-0017.fit.dump
  |- (1/5) processing FEAR /Users/cham/projects/bfosc/20200917_bfosc/20200917-0029.fit ... 
@corr_thar: bulkshift=0.0 (±1 11/11) (±2 11/11)
@find_lines: 674/722 lines using GF / CCF!
  |- 324 lines left
  |- 249 lines left
  |- nlines=206  rms=0.0350A  mpflux=961.9
  |- writing to /Users/cham/projects/bfosc/20200917_bfosc/fear-20200917-0029.fit.dump
  |- (2/5) processing FEAR /Users/cham/projects/bfosc/20200917_bfosc/20200917-0031.fit ... 
@corr_thar: bulkshift=0.0 (±1 11/11) (±2 11/11)
@find_lines: 679/722 lines using GF / CCF!
  |- 329 lines left
  |- 258 lines left
  |- nlines=222  rms=0.0442A  mpflux=863.3
  |- writing to /Users/cham/projects/bfosc/20200917_bfosc/fear-20200917-0031.fit.dump
  |- (3/5) processing FEAR /Users/cham/projects/bfosc/20200917_bfosc/20200917-0033.fit ... 
@corr_thar: bulkshift=0.0 (±1 11/11) (±2 11/11)
@find_lines: 677/722 lines using GF / CCF!
  |- 317 lines left
  |- 252 lines left
  |- nlines=207  rms=0.0330A  mpflux=876.3
  |- writing to /Users/cham/projects/bfosc/20200917_bfosc/fear-20200917-0033.fit.dump
  |- (4/5) processing FEAR /Users/cham/projects/bfosc/20200917_bfosc/20200917-0035.fit ... 
@corr_thar: bulkshift=0.0 (±1 11/11) (±2 11/11)
@find_lines: 668/722 lines using GF / CCF!
  |- 327 lines left
  |- 259 lines left
  |- nlines=228  rms=0.0492A  mpflux=789.9
  |- writing to /Users/cham/projects/bfosc/20200917_bfosc/fear-20200917-0035.fit.dump
[6.0] make stats for the FEAR solutions 
[7.0] Finished!



